<?xml version="1.0" encoding="UTF-8"?>
<testng-results ignored="0" total="1" passed="1" failed="0" skipped="0">
  <reporter-output>
  </reporter-output>
  <suite started-at="2024-09-16T16:03:36 IST" name="Default suite" finished-at="2024-09-16T16:03:39 IST" duration-ms="3598">
    <groups>
    </groups>
    <test started-at="2024-09-16T16:03:36 IST" name="Default test" finished-at="2024-09-16T16:03:39 IST" duration-ms="3598">
      <class name="extent_report.A">
        <test-method is-config="true" signature="Open_browser()[pri:0, instance:extent_report.A@1139b2f3]" started-at="2024-09-16T16:03:36 IST" name="Open_browser" finished-at="2024-09-16T16:03:39 IST" duration-ms="3306" status="PASS">
          <reporter-output>
          </reporter-output>
        </test-method> <!-- Open_browser -->
        <test-method signature="Verifypage()[pri:0, instance:extent_report.A@1139b2f3]" started-at="2024-09-16T16:03:39 IST" name="Verifypage" finished-at="2024-09-16T16:03:39 IST" duration-ms="21" status="PASS">
          <reporter-output>
          </reporter-output>
        </test-method> <!-- Verifypage -->
        <test-method is-config="true" signature="endTest()[pri:0, instance:extent_report.A@1139b2f3]" started-at="2024-09-16T16:03:39 IST" name="endTest" finished-at="2024-09-16T16:03:39 IST" duration-ms="230" status="PASS">
          <reporter-output>
          </reporter-output>
        </test-method> <!-- endTest -->
      </class> <!-- extent_report.A -->
    </test> <!-- Default test -->
  </suite> <!-- Default suite -->
</testng-results>
